host=newton1 start=Thu Jul 16 03:05:07 IDT 2026
QM9 total: 130831
  scanned 20000/130831 (92s)
increase tolerance
increase tolerance
increase tolerance
increase tolerance
increase tolerance
increase tolerance
increase tolerance
increase tolerance
increase tolerance
increase tolerance
increase tolerance
increase tolerance
increase tolerance
increase tolerance
increase tolerance
increase tolerance
increase tolerance
increase tolerance
increase tolerance
increase tolerance
increase tolerance
increase tolerance
increase tolerance
increase tolerance
increase tolerance
increase tolerance
increase tolerance
increase tolerance
increase tolerance
increase tolerance
increase tolerance
increase tolerance
increase tolerance
increase tolerance
increase tolerance
increase tolerance
increase tolerance
increase tolerance
increase tolerance
increase tolerance
increase tolerance
increase tolerance
increase tolerance
increase tolerance
increase tolerance
increase tolerance
increase tolerance
increase tolerance
increase tolerance
increase tolerance
increase tolerance
increase tolerance
increase tolerance
increase tolerance
increase tolerance
increase tolerance
increase tolerance
increase tolerance
increase tolerance
increase tolerance
increase tolerance
increase tolerance
increase tolerance
increase tolerance
increase tolerance
increase tolerance
increase tolerance
increase tolerance
increase tolerance
increase tolerance
increase tolerance
increase tolerance
increase tolerance
increase tolerance
increase tolerance
increase tolerance
increase tolerance
increase tolerance
increase tolerance
increase tolerance
increase tolerance
increase tolerance
increase tolerance
increase tolerance
increase tolerance
increase tolerance
increase tolerance
increase tolerance
increase tolerance
increase tolerance
increase tolerance
increase tolerance
increase tolerance
increase tolerance
increase tolerance
increase tolerance
increase tolerance
increase tolerance
increase tolerance
increase tolerance
increase tolerance
increase tolerance
increase tolerance
increase tolerance
increase tolerance
increase tolerance
increase tolerance
increase tolerance
increase tolerance
increase tolerance
increase tolerance
increase tolerance
increase tolerance
increase tolerance
increase tolerance
increase tolerance
increase tolerance
increase tolerance
increase tolerance
increase tolerance
increase tolerance
increase tolerance
increase tolerance
increase tolerance
increase tolerance
increase tolerance
increase tolerance
increase tolerance
increase tolerance
increase tolerance
increase tolerance
increase tolerance
increase tolerance
increase tolerance
increase tolerance
increase tolerance
increase tolerance
increase tolerance
increase tolerance
increase tolerance
increase tolerance
increase tolerance
increase tolerance
increase tolerance
increase tolerance
increase tolerance
increase tolerance
increase tolerance
increase tolerance
increase tolerance
increase tolerance
increase tolerance
increase tolerance
increase tolerance
increase tolerance
increase tolerance
increase tolerance
increase tolerance
increase tolerance
increase tolerance
increase tolerance
increase tolerance
increase tolerance
increase tolerance
increase tolerance
increase tolerance
increase tolerance
increase tolerance
increase tolerance
increase tolerance
increase tolerance
increase tolerance
increase tolerance
increase tolerance
increase tolerance
increase tolerance
increase tolerance
increase tolerance
increase tolerance
increase tolerance
increase tolerance
increase tolerance
increase tolerance
increase tolerance
increase tolerance
increase tolerance
increase tolerance
increase tolerance
increase tolerance
increase tolerance
increase tolerance
increase tolerance
increase tolerance
increase tolerance
increase tolerance
increase tolerance
increase tolerance
increase tolerance
increase tolerance
increase tolerance
increase tolerance
increase tolerance
increase tolerance
increase tolerance
increase tolerance
increase tolerance
increase tolerance
increase tolerance
increase tolerance
increase tolerance
increase tolerance
increase tolerance
increase tolerance
increase tolerance
increase tolerance
increase tolerance
increase tolerance
increase tolerance
increase tolerance
increase tolerance
increase tolerance
increase tolerance
increase tolerance
increase tolerance
increase tolerance
increase tolerance
increase tolerance
increase tolerance
increase tolerance
increase tolerance
increase tolerance
increase tolerance
increase tolerance
increase tolerance
increase tolerance
increase tolerance
increase tolerance
increase tolerance
increase tolerance
increase tolerance
increase tolerance
increase tolerance
increase tolerance
increase tolerance
increase tolerance
increase tolerance
increase tolerance
increase tolerance
increase tolerance
increase tolerance
increase tolerance
increase tolerance
increase tolerance
increase tolerance
increase tolerance
increase tolerance
increase tolerance
increase tolerance
increase tolerance
increase tolerance
increase tolerance
increase tolerance
increase tolerance
increase tolerance
increase tolerance
increase tolerance
increase tolerance
increase tolerance
increase tolerance
increase tolerance
increase tolerance
increase tolerance
increase tolerance
increase tolerance
increase tolerance
increase tolerance
increase tolerance
increase tolerance
increase tolerance
increase tolerance
increase tolerance
increase tolerance
increase tolerance
increase tolerance
increase tolerance
increase tolerance
increase tolerance
increase tolerance
increase tolerance
increase tolerance
increase tolerance
increase tolerance
increase tolerance
increase tolerance
increase tolerance
increase tolerance
increase tolerance
increase tolerance
increase tolerance
increase tolerance
increase tolerance
increase tolerance
increase tolerance
increase tolerance
increase tolerance
increase tolerance
increase tolerance
increase tolerance
increase tolerance
increase tolerance
increase tolerance
increase tolerance
increase tolerance
increase tolerance
increase tolerance
increase tolerance
increase tolerance
increase tolerance
increase tolerance
increase tolerance
increase tolerance
increase tolerance
increase tolerance
increase tolerance
increase tolerance
increase tolerance
increase tolerance
increase tolerance
increase tolerance
increase tolerance
increase tolerance
increase tolerance
increase tolerance
increase tolerance
increase tolerance
increase tolerance
increase tolerance
increase tolerance
increase tolerance
increase tolerance
increase tolerance
increase tolerance
increase tolerance
increase tolerance
increase tolerance
increase tolerance
increase tolerance
increase tolerance
increase tolerance
increase tolerance
increase tolerance
increase tolerance
increase tolerance
increase tolerance
increase tolerance
increase tolerance
increase tolerance
increase tolerance
increase tolerance
increase tolerance
increase tolerance
increase tolerance
increase tolerance
increase tolerance
increase tolerance
increase tolerance
increase tolerance
increase tolerance
increase tolerance
increase tolerance
increase tolerance
increase tolerance
increase tolerance
increase tolerance
increase tolerance
increase tolerance
increase tolerance
increase tolerance
increase tolerance
increase tolerance
  scanned 40000/130831 (544s)
  scanned 60000/130831 (614s)
  scanned 80000/130831 (686s)
  scanned 100000/130831 (753s)
  scanned 120000/130831 (818s)
scan done 856s; target counts: C1=111897, Cinfv=8, Td=5, D6h=1, Cs=17808
  AE 100 molecules (108s)
  AE 200 molecules (211s)
  AE 300 molecules (316s)
  AE 400 molecules (398s)
  AE 500 molecules (488s)
  AE 600 molecules (578s)
AE eval done 590s, 0 failures
RESULT C1 {'mean_emd': 0.04630426783345117, 'n': 300}
RESULT Cinfv {'mean_emd': 0.16142236465316032, 'n': 8}
RESULT Td {'mean_emd': 0.03363036238721899, 'n': 5}
RESULT D6h {'mean_emd': 0.02693793685175478, 'n': 1}
RESULT Cs {'mean_emd': 0.04106342854315499, 'n': 300}
wrote results/ae_results.json
end=Thu Jul 16 03:29:33 IDT 2026
