host=nlp-h200-1 cores=64 start=Thu Jul 16 02:53:36 AM IDT 2026
SUBSET=first130831  extracting 130831 molecules (perturbation seed tied to original QM9 index)...
processing 130831 molecules x 10 perturb on 64 cores...
/home/snirhordan/linkedin/docs/logml/experiments/asun_robustness/vendor/pyorbit/utils/geometry.py:39: RuntimeWarning: invalid value encountered in arccos
  return np.arccos(np.dot(v0, v1)/(np.linalg.norm(v0)*np.linalg.norm(v1)))
  500/130831  (4s)
  1000/130831  (5s)
  1500/130831  (6s)
  2000/130831  (7s)
  2500/130831  (8s)
  3000/130831  (8s)
  3500/130831  (9s)
  4000/130831  (10s)
  4500/130831  (11s)
  5000/130831  (11s)
  5500/130831  (12s)
  6000/130831  (13s)
  6500/130831  (14s)
  7000/130831  (15s)
  7500/130831  (16s)
  8000/130831  (16s)
  8500/130831  (17s)
  9000/130831  (18s)
  9500/130831  (19s)
  10000/130831  (20s)
  10500/130831  (21s)
  11000/130831  (22s)
  11500/130831  (23s)
  12000/130831  (24s)
  12500/130831  (25s)
  13000/130831  (26s)
  13500/130831  (27s)
  14000/130831  (28s)
  14500/130831  (29s)
  15000/130831  (30s)
  15500/130831  (30s)
  16000/130831  (31s)
  16500/130831  (32s)
  17000/130831  (33s)
  17500/130831  (34s)
  18000/130831  (35s)
  18500/130831  (36s)
  19000/130831  (37s)
  19500/130831  (38s)
  20000/130831  (39s)
  20500/130831  (39s)
  21000/130831  (40s)
  21500/130831  (41s)
  22000/130831  (42s)
  22500/130831  (43s)
  23000/130831  (43s)
/home/snirhordan/linkedin/docs/logml/experiments/asun_robustness/vendor/pyorbit/utils/geometry.py:39: RuntimeWarning: invalid value encountered in arccos
  return np.arccos(np.dot(v0, v1)/(np.linalg.norm(v0)*np.linalg.norm(v1)))
  23500/130831  (44s)
  24000/130831  (45s)
  24500/130831  (46s)
  25000/130831  (46s)
  25500/130831  (47s)
  26000/130831  (48s)
  26500/130831  (49s)
  27000/130831  (50s)
  27500/130831  (51s)
  28000/130831  (51s)
  28500/130831  (52s)
  29000/130831  (53s)
  29500/130831  (54s)
  30000/130831  (55s)
  30500/130831  (56s)
  31000/130831  (56s)
  31500/130831  (57s)
  32000/130831  (58s)
  32500/130831  (59s)
  33000/130831  (60s)
  33500/130831  (61s)
  34000/130831  (62s)
  34500/130831  (63s)
  35000/130831  (63s)
  35500/130831  (64s)
  36000/130831  (65s)
  36500/130831  (66s)
  37000/130831  (67s)
  37500/130831  (68s)
  38000/130831  (69s)
/home/snirhordan/linkedin/docs/logml/experiments/asun_robustness/vendor/pyorbit/utils/geometry.py:39: RuntimeWarning: invalid value encountered in arccos
  return np.arccos(np.dot(v0, v1)/(np.linalg.norm(v0)*np.linalg.norm(v1)))
  38500/130831  (70s)
  39000/130831  (71s)
  39500/130831  (72s)
  40000/130831  (73s)
  40500/130831  (74s)
  41000/130831  (75s)
  41500/130831  (76s)
  42000/130831  (76s)
  42500/130831  (77s)
  43000/130831  (78s)
  43500/130831  (79s)
  44000/130831  (80s)
  44500/130831  (81s)
  45000/130831  (82s)
  45500/130831  (83s)
  46000/130831  (83s)
  46500/130831  (84s)
  47000/130831  (85s)
  47500/130831  (86s)
  48000/130831  (87s)
  48500/130831  (88s)
  49000/130831  (89s)
  49500/130831  (90s)
  50000/130831  (91s)
  50500/130831  (92s)
  51000/130831  (93s)
  51500/130831  (94s)
  52000/130831  (95s)
  52500/130831  (96s)
  53000/130831  (96s)
  53500/130831  (97s)
  54000/130831  (98s)
  54500/130831  (99s)
  55000/130831  (100s)
  55500/130831  (101s)
  56000/130831  (102s)
  56500/130831  (103s)
  57000/130831  (104s)
  57500/130831  (105s)
  58000/130831  (106s)
/home/snirhordan/linkedin/docs/logml/experiments/asun_robustness/vendor/pyorbit/utils/geometry.py:39: RuntimeWarning: invalid value encountered in arccos
  return np.arccos(np.dot(v0, v1)/(np.linalg.norm(v0)*np.linalg.norm(v1)))
  58500/130831  (107s)
  59000/130831  (108s)
  59500/130831  (109s)
  60000/130831  (110s)
  60500/130831  (111s)
  61000/130831  (112s)
  61500/130831  (113s)
  62000/130831  (114s)
  62500/130831  (115s)
  63000/130831  (116s)
  63500/130831  (117s)
  64000/130831  (118s)
  64500/130831  (119s)
  65000/130831  (120s)
  65500/130831  (121s)
  66000/130831  (122s)
  66500/130831  (123s)
  67000/130831  (124s)
  67500/130831  (124s)
  68000/130831  (125s)
  68500/130831  (126s)
  69000/130831  (127s)
  69500/130831  (128s)
  70000/130831  (129s)
  70500/130831  (130s)
  71000/130831  (131s)
  71500/130831  (132s)
  72000/130831  (133s)
  72500/130831  (134s)
  73000/130831  (135s)
  73500/130831  (136s)
  74000/130831  (137s)
  74500/130831  (138s)
  75000/130831  (139s)
  75500/130831  (140s)
  76000/130831  (141s)
  76500/130831  (142s)
  77000/130831  (143s)
  77500/130831  (144s)
  78000/130831  (145s)
  78500/130831  (146s)
  79000/130831  (147s)
  79500/130831  (148s)
  80000/130831  (149s)
  80500/130831  (150s)
  81000/130831  (151s)
  81500/130831  (152s)
  82000/130831  (153s)
  82500/130831  (154s)
  83000/130831  (155s)
  83500/130831  (156s)
  84000/130831  (157s)
  84500/130831  (158s)
  85000/130831  (159s)
  85500/130831  (160s)
  86000/130831  (161s)
  86500/130831  (162s)
  87000/130831  (163s)
  87500/130831  (164s)
  88000/130831  (165s)
  88500/130831  (166s)
  89000/130831  (167s)
  89500/130831  (168s)
  90000/130831  (169s)
  90500/130831  (170s)
  91000/130831  (171s)
  91500/130831  (172s)
  92000/130831  (173s)
  92500/130831  (174s)
  93000/130831  (175s)
  93500/130831  (176s)
  94000/130831  (177s)
  94500/130831  (178s)
  95000/130831  (179s)
  95500/130831  (180s)
  96000/130831  (181s)
  96500/130831  (182s)
  97000/130831  (183s)
  97500/130831  (184s)
  98000/130831  (185s)
  98500/130831  (186s)
  99000/130831  (187s)
  99500/130831  (188s)
  100000/130831  (189s)
  100500/130831  (190s)
  101000/130831  (191s)
  101500/130831  (192s)
  102000/130831  (193s)
  102500/130831  (194s)
  103000/130831  (195s)
  103500/130831  (196s)
  104000/130831  (197s)
  104500/130831  (199s)
  105000/130831  (200s)
  105500/130831  (201s)
  106000/130831  (202s)
  106500/130831  (203s)
  107000/130831  (204s)
  107500/130831  (205s)
  108000/130831  (206s)
  108500/130831  (207s)
  109000/130831  (208s)
  109500/130831  (209s)
  110000/130831  (210s)
  110500/130831  (211s)
  111000/130831  (212s)
  111500/130831  (213s)
  112000/130831  (214s)
  112500/130831  (215s)
  113000/130831  (216s)
  113500/130831  (217s)
  114000/130831  (218s)
  114500/130831  (219s)
  115000/130831  (220s)
  115500/130831  (221s)
  116000/130831  (223s)
  116500/130831  (224s)
  117000/130831  (225s)
  117500/130831  (226s)
  118000/130831  (227s)
  118500/130831  (228s)
  119000/130831  (229s)
  119500/130831  (230s)
  120000/130831  (231s)
  120500/130831  (232s)
  121000/130831  (233s)
  121500/130831  (234s)
  122000/130831  (235s)
  122500/130831  (236s)
  123000/130831  (237s)
  123500/130831  (237s)
  124000/130831  (238s)
  124500/130831  (239s)
  125000/130831  (240s)
  125500/130831  (241s)
  126000/130831  (242s)
  126500/130831  (242s)
  127000/130831  (243s)
  127500/130831  (244s)
  128000/130831  (245s)
  128500/130831  (245s)
  129000/130831  (246s)
  129500/130831  (247s)
  130000/130831  (248s)
  130500/130831  (248s)

===== TABLE 1 (by rank) — mean EMD =====
method            rank1      rank2      rank3
asun            0.00000    0.00000    0.04052
pca_centered    0.00000    0.01459    0.88920
pca_svd         0.69492    2.11339    2.34336
pca_noop        1.85211    2.20968    2.72452
ours            0.00000    0.00000    0.00000

===== TABLE 1 (by rank) — median EMD =====
method            rank1      rank2      rank3
asun            0.00000    0.00000    0.00000
pca_centered    0.00000    0.00000    1.00106
pca_svd         0.69100    2.16868    1.72449
pca_noop        1.99377    2.23869    2.44202
ours            0.00000    0.00000    0.00000

Paper Table 1 (mean): PCA 0.00014/0.01793/0.82758 | AE 1.15122/0.03754/0.03178 | ASUN 0.00014/0.00008/0.02826

===== TABLE 2 (by point group) — mean EMD =====
pg        n_mol         asun pca_centered      pca_svd     pca_noop         ours
C1       111902      0.01998      0.91506      2.35160      2.70798      0.00000
Cs        17808      0.16092      0.74513      2.28692      2.81978      0.00000
C2          470      0.17765      0.67710      2.38614      2.79099      0.00000
C2v         442      0.12224      0.50041      2.48049      2.95992      0.00000
C3v          65      0.08120      0.85922      2.23613      2.62679      0.00000
C2h          49      0.54881      0.36811      2.37923      2.98258      0.00000
D3h          16      0.19008      0.52168      2.49291      2.82333      0.00000
Ci           15      0.81395      0.72386      2.90215      3.26679      0.00000
D2d          11      0.41000      0.52883      2.12848      2.34270      0.00000
C3           11      0.40172      0.97823      2.59835      2.79971      0.00000
Dinfh         8      0.04355      0.03457      2.07268      3.10473      0.00000
Cinfv         8      0.00015      0.40515      2.28160      3.35823      0.00000
D2h           6      0.16280      0.00011      2.18381      2.64563      0.00000
Td            5      0.00032      1.00866      2.20429      2.23892      0.00000
D3d           4      0.46550      0.36421      2.07115      2.69165      0.00000
C3h           4      0.05481      0.56089      1.64550      2.40291      0.00000
D3            2      0.57814      0.74572      2.40579      2.61112      0.00000
D6h           1      0.00008      0.15269      2.00001      2.74884      0.00000
C4            1      0.26875      0.28536      1.87860      1.83181      0.00000
D2            1      0.09592      0.62495      1.81427      2.51951      0.00000
Oh            1      0.00015      0.92371      3.07443      2.73537      0.00000
S4            1      0.47342      0.73481      2.86724      3.68968      0.00000

===== TABLE 2 (by point group) — median EMD =====
pg        n_mol         asun pca_centered      pca_svd     pca_noop         ours
C1       111902      0.00000      1.01750      1.74041      2.43589      0.00000
Cs        17808      0.00000      0.87887      1.62549      2.47881      0.00000
C2          470      0.00010      0.83305      1.72004      2.50071      0.00000
C2v         442      0.00007      0.00698      1.68730      2.54141      0.00000
C3v          65      0.00000      0.82505      1.57761      2.38560      0.00000
C2h          49      0.00573      0.00123      1.65188      2.62638      0.00000
D3h          16      0.00025      0.46687      1.72701      2.54176      0.00000
Ci           15      0.96896      0.82471      1.89145      2.98744      0.00000
D2d          11      0.00134      0.60387      1.80432      2.32963      0.00000
C3           11      0.00291      1.02280      1.97624      2.55520      0.00000
Dinfh         8      0.00000      0.00005      1.19221      2.57288      0.00000
Cinfv         8      0.00000      0.07698      2.07789      3.43591      0.00000
D2h           6      0.00009      0.00009      1.50829      2.35625      0.00000
Td            5      0.00011      1.02807      1.46600      2.33793      0.00000
D3d           4      0.31962      0.34158      1.19742      2.70746      0.00000
C3h           4      0.00168      0.57428      1.35058      2.49627      0.00000
D3            2      0.44025      0.83415      1.74541      2.16090      0.00000
D6h           1      0.00009      0.00006      1.08410      2.62930      0.00000
C4            1      0.00020      0.00019      1.73334      1.94648      0.00000
D2            1      0.00012      0.89275      1.37460      2.57918      0.00000
Oh            1      0.00017      1.07741      3.29381      2.63195      0.00000
S4            1      0.62771      1.06876      1.29300      3.85315      0.00000

Paper Table 2 (C1/Cinfv/Cs/D6h/Td) mean: PCA .853/.303/.679/.244/.721 | AE .041/.240/.037/.023/.028 | ASUN .018/.001/.004/.001/.001

crashes: {'asun': 0, 'pca_centered': 0, 'pca_svd': 0, 'pca_noop': 0, 'ours': 0}
total time 369s for N=130831, nperturb=10, cores=64
SUMMARY subset=first130831 n_rank3_mol=130827 ASUN_rank3_mean=0.04052 ASUN_rank3_median=0.000000 ours_rank3_mean=8.80e-09 pca_rank3_mean=0.88920
wrote results/table2_fullqm9.csv
end=Thu Jul 16 03:00:19 AM IDT 2026
