host=nlp-h200-1 cores=64 start=Thu Jul 16 02:02:09 AM IDT 2026
extracting 5000 molecules...
processing 5000 molecules x 100 perturb on 64 cores...
/home/snirhordan/linkedin/docs/logml/experiments/asun_robustness/vendor/pyorbit/utils/geometry.py:39: RuntimeWarning: invalid value encountered in arccos
  return np.arccos(np.dot(v0, v1)/(np.linalg.norm(v0)*np.linalg.norm(v1)))
  500/5000  (12s)
  1000/5000  (18s)
  1500/5000  (25s)
  2000/5000  (33s)
  2500/5000  (40s)
  3000/5000  (47s)
  3500/5000  (54s)
  4000/5000  (62s)
  4500/5000  (68s)
  5000/5000  (76s)

===== TABLE 1 (by rank) — mean EMD =====
method            rank1      rank2      rank3
asun            0.00000    0.00000    0.06633
pca_centered    0.00000    0.01423    0.77736
pca_svd         0.93405    2.04351    2.02277
pca_noop        2.03818    2.20966    2.41968
ours            0.00000    0.00000    0.00000

===== TABLE 1 (by rank) — median EMD =====
method            rank1      rank2      rank3
asun            0.00000    0.00000    0.00000
pca_centered    0.00000    0.00000    0.89614
pca_svd         0.94727    2.18050    1.58304
pca_noop        2.12455    2.19889    2.17018
ours            0.00000    0.00000    0.00000

Paper Table 1 (mean): PCA 0.00014/0.01793/0.82758 | AE 1.15122/0.03754/0.03178 | ASUN 0.00014/0.00008/0.02826

===== TABLE 2 (by point group) — mean EMD =====
pg        n_mol         asun pca_centered      pca_svd     pca_noop         ours
C1         3092      0.01927      0.84043      2.03876      2.38777      0.00000
Cs         1652      0.14115      0.69555      1.97678      2.45663      0.00000
C2v         121      0.13244      0.50109      2.23561      2.69253      0.00000
C2           62      0.09415      0.59764      2.09836      2.51332      0.00000
C3v          23      0.04412      0.80172      2.03583      2.35982      0.00000
C2h          17      0.61624      0.38355      1.91353      2.45497      0.00000
D3h           6      0.17446      0.48004      1.78178      2.15543      0.00000
Dinfh         5      0.00032      0.00099      1.52749      2.30761      0.00000
Cinfv         5      0.00025      0.31885      1.75797      2.69042      0.00000
D2d           4      0.22140      0.48772      1.91146      2.02185      0.00000
Td            3      0.00040      0.74763      1.71238      1.97486      0.00000
D3d           3      0.61866      0.43416      2.00000      2.56815      0.00000
D2h           2      0.15310      0.00007      2.37197      2.71913      0.00000
C3            2      0.27625      0.86759      1.92080      2.00942      0.00000
D6h           1      0.00010      0.27991      2.42072      2.72134      0.00000
Ci            1      0.65483      0.61983      3.86451      4.29860      0.00000
C3h           1      0.00018      0.82444      1.49009      2.12382      0.00000

===== TABLE 2 (by point group) — median EMD =====
pg        n_mol         asun pca_centered      pca_svd     pca_noop         ours
C1         3092      0.00000      0.94045      1.62351      2.15423      0.00000
Cs         1652      0.00000      0.81715      1.50428      2.17764      0.00000
C2v         121      0.00004      0.08807      1.62931      2.39312      0.00000
C2           62      0.00006      0.74818      1.62990      2.33137      0.00000
C3v          23      0.00000      0.77977      1.50877      2.23293      0.00000
C2h          17      0.52249      0.00124      1.44258      2.32486      0.00000
D3h           6      0.00013      0.50638      1.37205      2.14178      0.00000
Dinfh         5      0.00000      0.00000      1.18309      2.17869      0.00000
Cinfv         5      0.00000      0.03791      1.77864      2.68147      0.00000
D2d           4      0.00028      0.64436      1.52637      1.99265      0.00000
Td            3      0.00006      0.79522      1.28140      1.74026      0.00000
D3d           3      0.76436      0.41764      1.34443      2.34519      0.00000
D2h           2      0.00009      0.00008      3.07484      2.73735      0.00000
C3            2      0.00000      0.89838      1.96532      1.94282      0.00000
D6h           1      0.00012      0.50889      3.29064      2.77309      0.00000
Ci            1      0.88976      0.82471      5.72374      4.61956      0.00000
C3h           1      0.00023      1.18114      1.41047      2.14643      0.00000

Paper Table 2 (C1/Cinfv/Cs/D6h/Td) mean: PCA .853/.303/.679/.244/.721 | AE .041/.240/.037/.023/.028 | ASUN .018/.001/.004/.001/.001

crashes: {'asun': 0, 'pca_centered': 0, 'pca_svd': 0, 'pca_noop': 0, 'ours': 0}
total time 76s for N=5000, nperturb=100, cores=64
wrote results/reproduce_tables_paper5k100.csv
end=Thu Jul 16 02:03:41 AM IDT 2026
